<?xml version="1.0" encoding="UTF-8"?>
<!-- Generated by org.testng.reporters.JUnitXMLReporter -->
<testsuite ignored="0" hostname="LAPTOP-3U3SCVT2" failures="0" tests="5" name=" SupplierLogintTest" time="24.493" errors="0" timestamp="2023-02-14T13:02:21 IST">
  <testcase classname="com.phptravels.supplierscripts.SupplierLoginTest" name="verifyInvalidLogin2" time="0.26"/>
  <testcase classname="com.phptravels.supplierscripts.SupplierLoginTest" name="verifyInvalidLogin2" time="0.308"/>
  <testcase classname="com.phptravels.supplierscripts.SupplierLoginTest" name="verifyInvalidLogin2" time="0.288"/>
  <testcase classname="com.phptravels.supplierscripts.SupplierLoginTest" name="verifyInvalidLogin2" time="0.807"/>
  <testcase classname="com.phptravels.supplierscripts.SupplierLoginTest" name="verifyValidLogin" time="6.323"/>
</testsuite> <!--  SupplierLogintTest -->
