<?xml version="1.0" encoding="UTF-8"?>
<!-- Generated by org.testng.reporters.JUnitXMLReporter -->
<testsuite ignored="0" hostname="LAPTOP-3U3SCVT2" failures="0" tests="5" name="Admin Login Test" time="25.509" errors="0" timestamp="2023-02-11T01:43:13 IST">
  <testcase classname="com.phptravels.adminscripts.AdminLoginTest" name="verifyInvalidLogin2" time="0.467"/>
  <testcase classname="com.phptravels.adminscripts.AdminLoginTest" name="verifyInvalidLogin2" time="0.393"/>
  <testcase classname="com.phptravels.adminscripts.AdminLoginTest" name="verifyInvalidLogin2" time="0.349"/>
  <testcase classname="com.phptravels.adminscripts.AdminLoginTest" name="verifyInvalidLogin2" time="0.297"/>
  <testcase classname="com.phptravels.adminscripts.AdminLoginTest" name="verifyValidLogin" time="5.786"/>
</testsuite> <!-- Admin Login Test -->
