<?xml version="1.0" encoding="UTF-8"?>
<!-- Generated by org.testng.reporters.JUnitXMLReporter -->
<testsuite ignored="0" hostname="LAPTOP-3U3SCVT2" failures="0" tests="5" name="Customer LoginTest" time="25.091" errors="0" timestamp="2023-02-11T01:37:15 IST">
  <testcase classname="com.phptravels.customerscripts.LoginTest" name="verifyInvalidLogin2" time="3.464"/>
  <testcase classname="com.phptravels.customerscripts.LoginTest" name="verifyInvalidLogin2" time="1.038"/>
  <testcase classname="com.phptravels.customerscripts.LoginTest" name="verifyInvalidLogin2" time="1.007"/>
  <testcase classname="com.phptravels.customerscripts.LoginTest" name="verifyInvalidLogin2" time="1.044"/>
  <testcase classname="com.phptravels.customerscripts.LoginTest" name="verifyValidLogin" time="9.392"/>
</testsuite> <!-- Customer LoginTest -->
