<?xml version="1.0" encoding="UTF-8"?>
<!-- Generated by org.testng.reporters.JUnitXMLReporter -->
<testsuite ignored="0" hostname="LAPTOP-3U3SCVT2" failures="0" tests="5" name="SupplierLoginTest" time="23.402" errors="0" timestamp="2023-02-11T01:41:39 IST">
  <testcase classname="com.phptravels.supplierscripts.SupplierLoginTest" name="verifyInvalidLogin2" time="0.31"/>
  <testcase classname="com.phptravels.supplierscripts.SupplierLoginTest" name="verifyInvalidLogin2" time="0.321"/>
  <testcase classname="com.phptravels.supplierscripts.SupplierLoginTest" name="verifyInvalidLogin2" time="0.809"/>
  <testcase classname="com.phptravels.supplierscripts.SupplierLoginTest" name="verifyInvalidLogin2" time="0.319"/>
  <testcase classname="com.phptravels.supplierscripts.SupplierLoginTest" name="verifyValidLogin" time="1.5"/>
</testsuite> <!-- SupplierLoginTest -->
