<?xml version="1.0" encoding="UTF-8"?>
<!-- Generated by org.testng.reporters.JUnitXMLReporter -->
<testsuite ignored="0" hostname="LAPTOP-3U3SCVT2" failures="0" tests="5" name="Test" time="18.732" errors="0" timestamp="2023-02-11T01:40:10 IST">
  <testcase classname="com.phptravels.agentscripts.AgentLoginTest" name="verifyInvalidLogin2" time="3.394"/>
  <testcase classname="com.phptravels.agentscripts.AgentLoginTest" name="verifyInvalidLogin2" time="0.524"/>
  <testcase classname="com.phptravels.agentscripts.AgentLoginTest" name="verifyInvalidLogin2" time="1.01"/>
  <testcase classname="com.phptravels.agentscripts.AgentLoginTest" name="verifyInvalidLogin2" time="0.525"/>
  <testcase classname="com.phptravels.agentscripts.AgentLoginTest" name="verifyValidLogin" time="8.183"/>
</testsuite> <!-- Test -->
