<?xml version="1.0" encoding="UTF-8"?>
<testng-results ignored="0" total="1" passed="1" failed="0" skipped="0">
  <reporter-output>
  </reporter-output>
  <suite started-at="2023-02-18T02:29:29 IST" name="Default suite" finished-at="2023-02-18T02:30:00 IST" duration-ms="30495">
    <groups>
    </groups>
    <test started-at="2023-02-18T02:29:29 IST" name="Default test" finished-at="2023-02-18T02:30:00 IST" duration-ms="30495">
      <class name="com.phptravels.adminscripts.BookCancelDeleteTest">
        <test-method is-config="true" signature="onSetup()[pri:0, instance:com.phptravels.adminscripts.BookCancelDeleteTest@67d48005]" started-at="2023-02-18T02:29:27 IST" name="onSetup" finished-at="2023-02-18T02:29:29 IST" duration-ms="2247" status="PASS">
          <reporter-output>
          </reporter-output>
        </test-method> <!-- onSetup -->
        <test-method is-config="true" signature="Login()[pri:0, instance:com.phptravels.adminscripts.BookCancelDeleteTest@67d48005]" started-at="2023-02-18T02:29:29 IST" name="Login" finished-at="2023-02-18T02:29:37 IST" duration-ms="7639" status="PASS">
          <reporter-output>
          </reporter-output>
        </test-method> <!-- Login -->
        <test-method signature="bookCancelDelete()[pri:0, instance:com.phptravels.adminscripts.BookCancelDeleteTest@67d48005]" started-at="2023-02-18T02:29:37 IST" name="bookCancelDelete" finished-at="2023-02-18T02:29:48 IST" duration-ms="10674" status="PASS">
          <reporter-output>
          </reporter-output>
        </test-method> <!-- bookCancelDelete -->
        <test-method is-config="true" signature="logout()[pri:0, instance:com.phptravels.adminscripts.BookCancelDeleteTest@67d48005]" started-at="2023-02-18T02:29:48 IST" name="logout" finished-at="2023-02-18T02:30:00 IST" duration-ms="12154" status="PASS">
          <reporter-output>
          </reporter-output>
        </test-method> <!-- logout -->
        <test-method is-config="true" signature="tearDown()[pri:0, instance:com.phptravels.adminscripts.BookCancelDeleteTest@67d48005]" started-at="2023-02-18T02:30:00 IST" name="tearDown" finished-at="2023-02-18T02:30:00 IST" duration-ms="246" status="PASS">
          <reporter-output>
          </reporter-output>
        </test-method> <!-- tearDown -->
      </class> <!-- com.phptravels.adminscripts.BookCancelDeleteTest -->
    </test> <!-- Default test -->
  </suite> <!-- Default suite -->
</testng-results>
