<?xml version="1.0" encoding="UTF-8"?>
<testng-results ignored="0" total="1" passed="1" failed="0" skipped="0">
  <reporter-output>
  </reporter-output>
  <suite started-at="2023-02-16T02:05:25 IST" name="Default suite" finished-at="2023-02-16T02:06:00 IST" duration-ms="35092">
    <groups>
    </groups>
    <test started-at="2023-02-16T02:05:25 IST" name="Default test" finished-at="2023-02-16T02:06:00 IST" duration-ms="35092">
      <class name="com.phptravels.agentscripts.SearchHotelTest">
        <test-method is-config="true" signature="onSetup()[pri:0, instance:com.phptravels.agentscripts.SearchHotelTest@67d48005]" started-at="2023-02-16T02:05:22 IST" name="onSetup" finished-at="2023-02-16T02:05:25 IST" duration-ms="2922" status="PASS">
          <reporter-output>
          </reporter-output>
        </test-method> <!-- onSetup -->
        <test-method is-config="true" signature="Login()[pri:0, instance:com.phptravels.agentscripts.SearchHotelTest@67d48005]" started-at="2023-02-16T02:05:25 IST" name="Login" finished-at="2023-02-16T02:05:35 IST" duration-ms="10542" status="PASS">
          <reporter-output>
          </reporter-output>
        </test-method> <!-- Login -->
        <test-method signature="searchHotel()[pri:0, instance:com.phptravels.agentscripts.SearchHotelTest@67d48005]" started-at="2023-02-16T02:05:35 IST" name="searchHotel" finished-at="2023-02-16T02:05:54 IST" duration-ms="18300" status="PASS">
          <reporter-output>
          </reporter-output>
        </test-method> <!-- searchHotel -->
        <test-method is-config="true" signature="logout()[pri:0, instance:com.phptravels.agentscripts.SearchHotelTest@67d48005]" started-at="2023-02-16T02:05:54 IST" name="logout" finished-at="2023-02-16T02:06:00 IST" duration-ms="6209" status="PASS">
          <reporter-output>
          </reporter-output>
        </test-method> <!-- logout -->
        <test-method is-config="true" signature="tearDown()[pri:0, instance:com.phptravels.agentscripts.SearchHotelTest@67d48005]" started-at="2023-02-16T02:06:00 IST" name="tearDown" finished-at="2023-02-16T02:06:00 IST" duration-ms="293" status="PASS">
          <reporter-output>
          </reporter-output>
        </test-method> <!-- tearDown -->
      </class> <!-- com.phptravels.agentscripts.SearchHotelTest -->
    </test> <!-- Default test -->
  </suite> <!-- Default suite -->
</testng-results>
